Running: fuse.exe -relaunch -intstyle "ise" -incremental -lib "unisims_ver" -lib "unimacro_ver" -lib "xilinxcorelib_ver" -lib "secureip" -o "D:/FPGA_work/SWord-DLD/Exp45-Shift/SN74LS194_SN74LS194_sch_tb_isim_beh.exe" -prj "D:/FPGA_work/SWord-DLD/Exp45-Shift/SN74LS194_SN74LS194_sch_tb_beh.prj" "work.SN74LS194_SN74LS194_sch_tb" "work.glbl" 
ISim P.20131013 (signature 0x7708f090)
Number of CPUs detected in this system: 4
Turning on mult-threading, number of parallel sub-compilation jobs: 8 
Determining compilation order of HDL files
Analyzing Verilog file "D:/FPGA_work/SWord-DLD/Exp45-Shift/MB_DFF.vf" into library work
Analyzing Verilog file "D:/FPGA_work/SWord-DLD/Exp45-Shift/SN74LS194.vf" into library work
Analyzing Verilog file "D:/FPGA_work/SWord-DLD/Exp45-Shift/Code/LS194_Test.v" into library work
Analyzing Verilog file "d:/Xilinx/14.7/ISE_DS/ISE//verilog/src/glbl.v" into library work
Starting static elaboration
Completed static elaboration
Compiling module NAND3
Compiling module MB_DFF_MUSER_SN74LS194
Compiling module OR4
Compiling module AND3
Compiling module INV
Compiling module VCC
Compiling module SN74LS194
Compiling module SN74LS194_SN74LS194_sch_tb
Compiling module glbl
Time Resolution for simulation is 1ps.
Waiting for 2 sub-compilation(s) to finish...
Compiled 9 Verilog Units
Built simulation executable D:/FPGA_work/SWord-DLD/Exp45-Shift/SN74LS194_SN74LS194_sch_tb_isim_beh.exe
Fuse Memory Usage: 27800 KB
Fuse CPU Usage: 452 ms
