Release 14.7 - ngc2edif P.20131013 (nt64)
Copyright (c) 1995-2013 Xilinx, Inc.  All rights reserved.
Reading design IT32Disp.ngc ...
WARNING:NetListWriters:298 - No output is written to IT32Disp.xncf, ignored.
Processing design ...
   Preping design's networks ...
   Preping design's macros ...
WARNING:NetListWriters:306 - Signal bus SW_OK<15 : 0> on block IT32Disp is not
   reconstructed, because there are some missing bus signals.
  finished :Prep
Writing EDIF netlist file IT32Disp.edif ...
ngc2edif: Total memory usage is 86436 kilobytes

Release 14.7 - ngc2edif P.20131013 (nt64)
Copyright (c) 1995-2013 Xilinx, Inc.  All rights reserved.
Reading design SAnti_jitter.ngc ...
WARNING:NetListWriters:298 - No output is written to SAnti_jitter.xncf, ignored.
Processing design ...
   Preping design's networks ...
   Preping design's macros ...
  finished :Prep
Writing EDIF netlist file SAnti_jitter.edif ...
ngc2edif: Total memory usage is 85952 kilobytes

Release 14.7 - ngc2edif P.20131013 (nt64)
Copyright (c) 1995-2013 Xilinx, Inc.  All rights reserved.
Reading design SEnter_2_32.ngc ...
WARNING:NetListWriters:298 - No output is written to SEnter_2_32.xncf, ignored.
Processing design ...
   Preping design's networks ...
   Preping design's macros ...
WARNING:NetListWriters:306 - Signal bus Ai[31]_Ai[31]_mux_48_OUT[31 : 2] on
   block SEnter_2_32 is not reconstructed, because there are some missing bus
   signals.
WARNING:NetListWriters:306 - Signal bus Bi[31]_Bi[31]_mux_49_OUT[31 : 2] on
   block SEnter_2_32 is not reconstructed, because there are some missing bus
   signals.
  finished :Prep
Writing EDIF netlist file SEnter_2_32.edif ...
ngc2edif: Total memory usage is 85952 kilobytes

Release 14.7 - ngc2edif P.20131013 (nt64)
Copyright (c) 1995-2013 Xilinx, Inc.  All rights reserved.
Reading design P2S.ngc ...
WARNING:NetListWriters:298 - No output is written to P2S.xncf, ignored.
Processing design ...
   Preping design's networks ...
   Preping design's macros ...
  finished :Prep
Writing EDIF netlist file P2S.edif ...
ngc2edif: Total memory usage is 85952 kilobytes

Release 14.7 - ngc2edif P.20131013 (nt64)
Copyright (c) 1995-2013 Xilinx, Inc.  All rights reserved.
Reading design IT32Disp.ngc ...
WARNING:NetListWriters:298 - No output is written to IT32Disp.xncf, ignored.
Processing design ...
   Preping design's networks ...
   Preping design's macros ...
WARNING:NetListWriters:306 - Signal bus SW_OK<15 : 0> on block IT32Disp is not
   reconstructed, because there are some missing bus signals.
  finished :Prep
Writing EDIF netlist file IT32Disp.edif ...
ngc2edif: Total memory usage is 85952 kilobytes

Release 14.7 - ngc2edif P.20131013 (nt64)
Copyright (c) 1995-2013 Xilinx, Inc.  All rights reserved.
Reading design SAnti_jitter.ngc ...
WARNING:NetListWriters:298 - No output is written to SAnti_jitter.xncf, ignored.
Processing design ...
   Preping design's networks ...
   Preping design's macros ...
  finished :Prep
Writing EDIF netlist file SAnti_jitter.edif ...
ngc2edif: Total memory usage is 85952 kilobytes

Release 14.7 - ngc2edif P.20131013 (nt64)
Copyright (c) 1995-2013 Xilinx, Inc.  All rights reserved.
Reading design SEnter_2_32.ngc ...
WARNING:NetListWriters:298 - No output is written to SEnter_2_32.xncf, ignored.
Processing design ...
   Preping design's networks ...
   Preping design's macros ...
WARNING:NetListWriters:306 - Signal bus Ai[31]_Ai[31]_mux_48_OUT[31 : 2] on
   block SEnter_2_32 is not reconstructed, because there are some missing bus
   signals.
WARNING:NetListWriters:306 - Signal bus Bi[31]_Bi[31]_mux_49_OUT[31 : 2] on
   block SEnter_2_32 is not reconstructed, because there are some missing bus
   signals.
  finished :Prep
Writing EDIF netlist file SEnter_2_32.edif ...
ngc2edif: Total memory usage is 85952 kilobytes

