Running: fuse.exe -relaunch -intstyle "ise" -incremental -lib "unisims_ver" -lib "unimacro_ver" -lib "xilinxcorelib_ver" -lib "secureip" -o "D:/FPGA_work/SWord-DLD/Exp27-adder/ADD4b_ADD4b_sch_tb_isim_beh.exe" -prj "D:/FPGA_work/SWord-DLD/Exp27-adder/ADD4b_ADD4b_sch_tb_beh.prj" "work.ADD4b_ADD4b_sch_tb" "work.glbl" 
ISim P.20131013 (signature 0x7708f090)
Number of CPUs detected in this system: 4
Turning on mult-threading, number of parallel sub-compilation jobs: 8 
Determining compilation order of HDL files
Analyzing Verilog file "D:/FPGA_work/SWord-DLD/Exp27-adder/add.vf" into library work
Analyzing Verilog file "D:/FPGA_work/SWord-DLD/Exp27-adder/Code/adder4.v" into library work
Analyzing Verilog file "D:/FPGA_work/SWord-DLD/Exp27-adder/Code/adder4_Test.v" into library work
Analyzing Verilog file "d:/Xilinx/14.7/ISE_DS/ISE//verilog/src/glbl.v" into library work
Starting static elaboration
Completed static elaboration
Compiling module XOR2
Compiling module AND2
Compiling module OR2
Compiling module add
Compiling module add4
Compiling module ADD4b_ADD4b_sch_tb
Compiling module glbl
Time Resolution for simulation is 1ps.
Compiled 7 Verilog Units
Built simulation executable D:/FPGA_work/SWord-DLD/Exp27-adder/ADD4b_ADD4b_sch_tb_isim_beh.exe
Fuse Memory Usage: 27636 KB
Fuse CPU Usage: 343 ms
