Release 14.7 - xst P.20131013 (nt64)
Copyright (c) 1995-2013 Xilinx, Inc.  All rights reserved.
--> Parameter TMPDIR set to xst/projnav.tmp


Total REAL time to Xst completion: 0.00 secs
Total CPU time to Xst completion: 0.08 secs
 
--> Parameter xsthdpdir set to xst


Total REAL time to Xst completion: 0.00 secs
Total CPU time to Xst completion: 0.09 secs
 
--> Reading design: Top_add4.prj

TABLE OF CONTENTS
  1) Synthesis Options Summary
  2) HDL Parsing
  3) HDL Elaboration
  4) HDL Synthesis
       4.1) HDL Synthesis Report
  5) Advanced HDL Synthesis
       5.1) Advanced HDL Synthesis Report
  6) Low Level Synthesis
  7) Partition Report
  8) Design Summary
       8.1) Primitive and Black Box Usage
       8.2) Device utilization summary
       8.3) Partition Resource Summary
       8.4) Timing Report
            8.4.1) Clock Information
            8.4.2) Asynchronous Control Signals Information
            8.4.3) Timing Summary
            8.4.4) Timing Details
            8.4.5) Cross Clock Domains Report


=========================================================================
*                      Synthesis Options Summary                        *
=========================================================================
---- Source Parameters
Input File Name                    : "Top_add4.prj"
Ignore Synthesis Constraint File   : NO

---- Target Parameters
Output File Name                   : "Top_add4"
Output Format                      : NGC
Target Device                      : xc7k160t-2L-ffg676

---- Source Options
Top Module Name                    : Top_add4
Automatic FSM Extraction           : YES
FSM Encoding Algorithm             : Auto
Safe Implementation                : No
FSM Style                          : LUT
RAM Extraction                     : Yes
RAM Style                          : Auto
ROM Extraction                     : Yes
Shift Register Extraction          : YES
ROM Style                          : Auto
Resource Sharing                   : YES
Asynchronous To Synchronous        : NO
Shift Register Minimum Size        : 2
Use DSP Block                      : Auto
Automatic Register Balancing       : No

---- Target Options
LUT Combining                      : Auto
Reduce Control Sets                : Auto
Add IO Buffers                     : YES
Global Maximum Fanout              : 100000
Add Generic Clock Buffer(BUFG)     : 32
Register Duplication               : YES
Optimize Instantiated Primitives   : NO
Use Clock Enable                   : Auto
Use Synchronous Set                : Auto
Use Synchronous Reset              : Auto
Pack IO Registers into IOBs        : Auto
Equivalent register Removal        : YES

---- General Options
Optimization Goal                  : Speed
Optimization Effort                : 1
Power Reduction                    : NO
Keep Hierarchy                     : No
Netlist Hierarchy                  : As_Optimized
RTL Output                         : Yes
Global Optimization                : AllClockNets
Read Cores                         : YES
Write Timing Constraints           : NO
Cross Clock Analysis               : NO
Hierarchy Separator                : /
Bus Delimiter                      : <>
Case Specifier                     : Maintain
Slice Utilization Ratio            : 100
BRAM Utilization Ratio             : 100
DSP48 Utilization Ratio            : 100
Auto BRAM Packing                  : NO
Slice Utilization Ratio Delta      : 5

---- Other Options
Cores Search Directories           : {"Code"  }

=========================================================================


=========================================================================
*                          HDL Parsing                                  *
=========================================================================
Analyzing Verilog file "D:\FPGA_work\SWord-DLD\Exp27-adder\add.vf" into library work
Parsing module <add>.
Analyzing Verilog file "D:\FPGA_work\SWord-DLD\Exp27-adder\Code\SPIO_IO.v" into library work
Parsing module <SPIO>.
Analyzing Verilog file "D:\FPGA_work\SWord-DLD\Exp27-adder\Code\clk_div.v" into library work
Parsing module <clk_div>.
Analyzing Verilog file "D:\FPGA_work\SWord-DLD\Exp27-adder\Code\adder4.v" into library work
Parsing module <adder4>.
Analyzing Verilog file "D:\FPGA_work\SWord-DLD\Exp27-adder\Code\Top-add4.v" into library work
Parsing module <Top_add4>.

=========================================================================
*                            HDL Elaboration                            *
=========================================================================

Elaborating module <Top_add4>.

Elaborating module <adder4>.

Elaborating module <add>.

Elaborating module <XOR2>.

Elaborating module <AND2>.

Elaborating module <OR2>.

Elaborating module <clk_div>.

Elaborating module <SPIO>.
WARNING:HDLCompiler:1499 - "D:\FPGA_work\SWord-DLD\Exp27-adder\Code\SPIO_IO.v" Line 21: Empty module <SPIO> remains a black box.

=========================================================================
*                           HDL Synthesis                               *
=========================================================================

Synthesizing Unit <Top_add4>.
    Related source file is "D:\FPGA_work\SWord-DLD\Exp27-adder\Code\Top-add4.v".
        size = 4
INFO:Xst:3210 - "D:\FPGA_work\SWord-DLD\Exp27-adder\Code\Top-add4.v" line 46: Output port <counter_set> of the instance <M6> is unconnected or connected to loadless signal.
INFO:Xst:3210 - "D:\FPGA_work\SWord-DLD\Exp27-adder\Code\Top-add4.v" line 46: Output port <LED_out> of the instance <M6> is unconnected or connected to loadless signal.
INFO:Xst:3210 - "D:\FPGA_work\SWord-DLD\Exp27-adder\Code\Top-add4.v" line 46: Output port <GPIOf0> of the instance <M6> is unconnected or connected to loadless signal.
    Summary:
	no macro.
Unit <Top_add4> synthesized.

Synthesizing Unit <adder4>.
    Related source file is "D:\FPGA_work\SWord-DLD\Exp27-adder\Code\adder4.v".
        size = 4
INFO:Xst:3210 - "D:\FPGA_work\SWord-DLD\Exp27-adder\Code\adder4.v" line 32: Output port <Gi> of the instance <a1> is unconnected or connected to loadless signal.
INFO:Xst:3210 - "D:\FPGA_work\SWord-DLD\Exp27-adder\Code\adder4.v" line 32: Output port <Pi> of the instance <a1> is unconnected or connected to loadless signal.
INFO:Xst:3210 - "D:\FPGA_work\SWord-DLD\Exp27-adder\Code\adder4.v" line 33: Output port <Gi> of the instance <a2> is unconnected or connected to loadless signal.
INFO:Xst:3210 - "D:\FPGA_work\SWord-DLD\Exp27-adder\Code\adder4.v" line 33: Output port <Pi> of the instance <a2> is unconnected or connected to loadless signal.
INFO:Xst:3210 - "D:\FPGA_work\SWord-DLD\Exp27-adder\Code\adder4.v" line 34: Output port <Gi> of the instance <a3> is unconnected or connected to loadless signal.
INFO:Xst:3210 - "D:\FPGA_work\SWord-DLD\Exp27-adder\Code\adder4.v" line 34: Output port <Pi> of the instance <a3> is unconnected or connected to loadless signal.
INFO:Xst:3210 - "D:\FPGA_work\SWord-DLD\Exp27-adder\Code\adder4.v" line 35: Output port <Gi> of the instance <a4> is unconnected or connected to loadless signal.
INFO:Xst:3210 - "D:\FPGA_work\SWord-DLD\Exp27-adder\Code\adder4.v" line 35: Output port <Pi> of the instance <a4> is unconnected or connected to loadless signal.
    Summary:
	no macro.
Unit <adder4> synthesized.

Synthesizing Unit <add>.
    Related source file is "D:\FPGA_work\SWord-DLD\Exp27-adder\add.vf".
    Summary:
	no macro.
Unit <add> synthesized.

Synthesizing Unit <clk_div>.
    Related source file is "D:\FPGA_work\SWord-DLD\Exp27-adder\Code\clk_div.v".
    Found 32-bit register for signal <clkdiv>.
    Found 32-bit adder for signal <clkdiv[31]_GND_7_o_add_0_OUT> created at line 30.
    Summary:
	inferred   1 Adder/Subtractor(s).
	inferred  32 D-type flip-flop(s).
Unit <clk_div> synthesized.

=========================================================================
HDL Synthesis Report

Macro Statistics
# Adders/Subtractors                                   : 1
 32-bit adder                                          : 1
# Registers                                            : 1
 32-bit register                                       : 1

=========================================================================

=========================================================================
*                       Advanced HDL Synthesis                          *
=========================================================================

Reading core <Code/SPIO.ngc>.
Loading core <SPIO> for timing and area information for instance <M6>.

Synthesizing (advanced) Unit <clk_div>.
The following registers are absorbed into counter <clkdiv>: 1 register on signal <clkdiv>.
Unit <clk_div> synthesized (advanced).

=========================================================================
Advanced HDL Synthesis Report

Macro Statistics
# Counters                                             : 1
 32-bit up counter                                     : 1

=========================================================================

=========================================================================
*                         Low Level Synthesis                           *
=========================================================================
WARNING:Xst:2677 - Node <M1/clkdiv_21> of sequential type is unconnected in block <Top_add4>.
WARNING:Xst:2677 - Node <M1/clkdiv_22> of sequential type is unconnected in block <Top_add4>.
WARNING:Xst:2677 - Node <M1/clkdiv_23> of sequential type is unconnected in block <Top_add4>.
WARNING:Xst:2677 - Node <M1/clkdiv_24> of sequential type is unconnected in block <Top_add4>.
WARNING:Xst:2677 - Node <M1/clkdiv_25> of sequential type is unconnected in block <Top_add4>.
WARNING:Xst:2677 - Node <M1/clkdiv_26> of sequential type is unconnected in block <Top_add4>.
WARNING:Xst:2677 - Node <M1/clkdiv_27> of sequential type is unconnected in block <Top_add4>.
WARNING:Xst:2677 - Node <M1/clkdiv_28> of sequential type is unconnected in block <Top_add4>.
WARNING:Xst:2677 - Node <M1/clkdiv_29> of sequential type is unconnected in block <Top_add4>.
WARNING:Xst:2677 - Node <M1/clkdiv_30> of sequential type is unconnected in block <Top_add4>.
WARNING:Xst:2677 - Node <M1/clkdiv_31> of sequential type is unconnected in block <Top_add4>.

Optimizing unit <Top_add4> ...

Mapping all equations...
Building and optimizing final netlist ...
Found area constraint ratio of 100 (+ 5) on block Top_add4, actual ratio is 0.

Final Macro Processing ...

=========================================================================
Final Register Report

Macro Statistics
# Registers                                            : 21
 Flip-Flops                                            : 21

=========================================================================

=========================================================================
*                           Partition Report                            *
=========================================================================

Partition Implementation Status
-------------------------------

  No Partitions were found in this design.

-------------------------------

=========================================================================
*                            Design Summary                             *
=========================================================================

Top Level Output File Name         : Top_add4.ngc

Primitive and Black Box Usage:
------------------------------
# BELS                             : 115
#      AND2                        : 8
#      GND                         : 1
#      INV                         : 2
#      LUT1                        : 19
#      LUT2                        : 2
#      LUT3                        : 4
#      LUT4                        : 17
#      LUT5                        : 3
#      LUT6                        : 3
#      MUXCY                       : 20
#      MUXF7                       : 1
#      OR2                         : 4
#      VCC                         : 2
#      XOR2                        : 8
#      XORCY                       : 21
# FlipFlops/Latches                : 79
#      FD                          : 2
#      FDC                         : 25
#      FDCE                        : 4
#      FDCE_1                      : 15
#      FDE                         : 16
#      FDE_1                       : 14
#      FDPE_1                      : 3
# Clock Buffers                    : 1
#      BUFGP                       : 1
# IO Buffers                       : 13
#      IBUF                        : 9
#      OBUF                        : 4

Device utilization summary:
---------------------------

Selected Device : 7k160tffg676-2l 


Slice Logic Utilization: 
 Number of Slice Registers:              79  out of  202800     0%  
 Number of Slice LUTs:                   50  out of  101400     0%  
    Number used as Logic:                50  out of  101400     0%  

Slice Logic Distribution: 
 Number of LUT Flip Flop pairs used:     85
   Number with an unused Flip Flop:       6  out of     85     7%  
   Number with an unused LUT:            35  out of     85    41%  
   Number of fully used LUT-FF pairs:    44  out of     85    51%  
   Number of unique control sets:         7

IO Utilization: 
 Number of IOs:                          14
 Number of bonded IOBs:                  14  out of    400     3%  

Specific Feature Utilization:
 Number of BUFG/BUFGCTRLs:                1  out of     32     3%  

---------------------------
Partition Resource Summary:
---------------------------

  No Partitions were found in this design.

---------------------------


=========================================================================
Timing Report

NOTE: THESE TIMING NUMBERS ARE ONLY A SYNTHESIS ESTIMATE.
      FOR ACCURATE TIMING INFORMATION PLEASE REFER TO THE TRACE REPORT
      GENERATED AFTER PLACE-and-ROUTE.

Clock Information:
------------------
-----------------------------------+------------------------+-------+
Clock Signal                       | Clock buffer(FF name)  | Load  |
-----------------------------------+------------------------+-------+
clk_100mhz                         | BUFGP                  | 79    |
-----------------------------------+------------------------+-------+

Asynchronous Control Signals Information:
----------------------------------------
No asynchronous control signals found in this design

Timing Summary:
---------------
Speed Grade: -2

   Minimum period: 1.876ns (Maximum Frequency: 533.120MHz)
   Minimum input arrival time before clock: 6.270ns
   Maximum output required time after clock: 0.592ns
   Maximum combinational path delay: No path found

Timing Details:
---------------
All values displayed in nanoseconds (ns)

=========================================================================
Timing constraint: Default period analysis for Clock 'clk_100mhz'
  Clock period: 1.876ns (frequency: 533.120MHz)
  Total number of paths / destination ports: 512 / 67
-------------------------------------------------------------------------
Delay:               1.876ns (Levels of Logic = 2)
  Source:            M6/P2S_led/s_clk (FF)
  Destination:       M6/P2S_led/buffer_15 (FF)
  Source Clock:      clk_100mhz rising
  Destination Clock: clk_100mhz rising

  Data Path: M6/P2S_led/s_clk to M6/P2S_led/buffer_15
                                Gate     Net
    Cell:in->out      fanout   Delay   Delay  Logical Name (Net Name)
    ----------------------------------------  ------------
     FDC:C->Q              4   0.236   0.620  P2S_led/s_clk (led_clk)
     LUT5:I0->O            1   0.043   0.350  P2S_led/_n0103_inv1 (P2S_led/_n0103_inv1)
     LUT6:I5->O           16   0.043   0.422  P2S_led/_n0103_inv2 (P2S_led/_n0103_inv)
     FDE:CE                    0.161          P2S_led/buffer_0
    ----------------------------------------
    Total                      1.876ns (0.483ns logic, 1.393ns route)
                                       (25.7% logic, 74.3% route)

=========================================================================
Timing constraint: Default OFFSET IN BEFORE for Clock 'clk_100mhz'
  Total number of paths / destination ports: 125 / 82
-------------------------------------------------------------------------
Offset:              6.270ns (Levels of Logic = 11)
  Source:            b<0> (PAD)
  Destination:       M6/LED_4 (FF)
  Destination Clock: clk_100mhz falling

  Data Path: b<0> to M6/LED_4
                                Gate     Net
    Cell:in->out      fanout   Delay   Delay  Logical Name (Net Name)
    ----------------------------------------  ------------
     IBUF:I->O             2   0.000   0.618  b_0_IBUF (b_0_IBUF)
     XOR2:I0->O            2   0.043   0.608  add4/a1/XLXI_1 (add4/a1/Pi_DUMMY)
     AND2:I1->O            1   0.053   0.603  add4/a1/XLXI_3 (add4/a1/XLXN_10)
     OR2:I1->O             2   0.053   0.618  add4/a1/XLXI_5 (add4/ct<0>)
     AND2:I0->O            1   0.043   0.603  add4/a2/XLXI_3 (add4/a2/XLXN_10)
     OR2:I1->O             2   0.053   0.618  add4/a2/XLXI_5 (add4/ct<1>)
     AND2:I0->O            1   0.043   0.603  add4/a3/XLXI_3 (add4/a3/XLXN_10)
     OR2:I1->O             2   0.053   0.618  add4/a3/XLXI_5 (add4/ct<2>)
     AND2:I0->O            1   0.043   0.603  add4/a4/XLXI_3 (add4/a4/XLXN_10)
     OR2:I1->O             1   0.053   0.339  add4/a4/XLXI_5 (co)
     begin scope: 'M6:P_Data<6>'
     FDCE_1:D                 -0.000          LED_4
    ----------------------------------------
    Total                      6.270ns (0.437ns logic, 5.833ns route)
                                       (7.0% logic, 93.0% route)

=========================================================================
Timing constraint: Default OFFSET OUT AFTER for Clock 'clk_100mhz'
  Total number of paths / destination ports: 3 / 3
-------------------------------------------------------------------------
Offset:              0.592ns (Levels of Logic = 2)
  Source:            M6/P2S_led/s_clk (FF)
  Destination:       led_clk (PAD)
  Source Clock:      clk_100mhz rising

  Data Path: M6/P2S_led/s_clk to led_clk
                                Gate     Net
    Cell:in->out      fanout   Delay   Delay  Logical Name (Net Name)
    ----------------------------------------  ------------
     FDC:C->Q              4   0.236   0.356  P2S_led/s_clk (led_clk)
     end scope: 'M6:led_clk'
     OBUF:I->O                 0.000          led_clk_OBUF (led_clk)
    ----------------------------------------
    Total                      0.592ns (0.236ns logic, 0.356ns route)
                                       (39.9% logic, 60.1% route)

=========================================================================

Cross Clock Domains Report:
--------------------------

Clock to Setup on destination clock clk_100mhz
---------------+---------+---------+---------+---------+
               | Src:Rise| Src:Fall| Src:Rise| Src:Fall|
Source Clock   |Dest:Rise|Dest:Rise|Dest:Fall|Dest:Fall|
---------------+---------+---------+---------+---------+
clk_100mhz     |    1.876|    0.633|         |         |
---------------+---------+---------+---------+---------+

=========================================================================


Total REAL time to Xst completion: 10.00 secs
Total CPU time to Xst completion: 10.56 secs
 
--> 

Total memory usage is 410704 kilobytes

Number of errors   :    0 (   0 filtered)
Number of warnings :   12 (   0 filtered)
Number of infos    :   11 (   0 filtered)

